<?xml version="1.0" encoding="UTF-8"?>
<testsuite name="GameOfLifeTest" tests="1" skipped="0" failures="0" errors="0" timestamp="2021-05-23T22:32:25" hostname="DESKTOP-DELNEO3" time="4.355">
  <properties/>
  <testcase name="start" classname="GameOfLifeTest" time="4.355"/>
  <system-out><![CDATA[?[1;31m
Start test 1?[0m
      O   OO   OOO  
      O OO O  OO    
      O OO O O  O   
           O  O     
         O O        
  OOO O    O    OOO 
O O O OOO O O O  OO 
O O OO O       O OO 
  O   OO    OOO O   
O    O          O   
       OOO OO   O   
      O  O       O  
      O O     OOO   
      O O    O O O  
OOO    OO  O        
O   O     OO      OO
OOOOOO  O O         
O     OO O O        
  O   O  O   O O    
        OO O   O    
?[1;31m
Start test 2?[0m
?[1;31m
Start test 3?[0m
?[1;31m
Start test 4?[0m
?[1;31m
Start test 5?[0m
           OO       
     OO O  O  O  O  
        OO O O      
        OO O        
   O       OO    O  
 OO O O OO OO   O OO
  O     O  O   O    
  O O      OO  O  O 
   OO  O     OO O  O
           O    OO  
      OOOOO     OO  
      O  OO      O  
     OO OO    OO O  
 O    O OO     O    
OO     OOOOOO     O 
    OO OO OO        
  OOOOOOO           
O   O OO O          
      O  O  O O     
       OOO OO  O    
?[1;31m
Start test 6?[0m
 O  O O OO OO  OO O 
     O    O  OO   OO
   O O              
     O       O      
  OOOOO        O    
    OO O O OO O     
       O O      OO  
    OOOO  OOO    O  
 OOO   O O O   OOO  
O OOO          O OO 
O   OO        OOOO O
O   OO   O O OOO   O
O O    O O  O       
O OOO        O      
     O O   O        
   OO      O        
    O  OO  OO O     
  O   O   O   O     
 O        O O  O O  
 O          O   OO O
?[1;31m
Start test 7?[0m
 Generation #1
 Generation #1
 Generation #1
O      OOO     OO   
 O                  
O          O  OOO  O
 O         OOOO    O
 OO O   O OOOO OO   
    O   OOO     O OO
         OOOO O O   
        OO       OO 
        O           
    O O  O          
O O               O 
OOO   OO  O        O
  O   O   O     OOOO
               OOOO 
 OO   O  O          
        OOO   OO    
 O  O OO            
 O   OOOO     O OO O
OOO O  O        O   
O   O OO O    OO  OO
 Generation #2
]]></system-out>
  <system-err><![CDATA[]]></system-err>
</testsuite>
