<?xml version="1.0" encoding="UTF-8"?>
<testsuite name="GameOfLifeTest" tests="1" skipped="0" failures="0" errors="0" timestamp="2021-05-13T21:23:34" hostname="DESKTOP-DELNEO3" time="0.639">
  <properties/>
  <testcase name="start" classname="GameOfLifeTest" time="0.639"/>
  <system-out><![CDATA[?[1;31m
Start test 1?[0m
> 4 4
OOOO
O O 
   O
OOO 
?[1;31m
Start test 2?[0m
> 4 120
OO  
O  O
 OO 
 O  
?[1;31m
Start test 3?[0m
> 10 10
O    O  O 
 OOOO   O 
 O   OO O 
OO OO  OO 
   O      
OO OOOOOOO
OO O O  OO
    O O  O
OO       O
OOOO    O 
?[1;31m
Start test 4?[0m
> 50 0
OO OO O OO   OOOO O      O  O OO  O   OOOO OOOOOO 
O OOOO O  O OOO      O O O OOOOOOOO     O   O OOOO
  O OO O OO OOO O   O OOO OO    O OOOOOO   O      
O O OOOO   OOO     O OOO O OO O  OOOOOO  OO   O O 
   OO    OOOOOO  O  O  O O  OO    O  O  O OOOOO O 
 OOOO O  OOOO OOO O  OO    OO OO OO  O  OO OO O O 
 O O  O         O  O OOOOO OOO   OOO OO O OO  O OO
  O  O OOO O   O OOOOO  O       OO  OOOOO    O OOO
   OO O O     OOO  O    OOO     O OOOOO  O OOOO  O
OOOOOOOO O O  OOO O  OO OO   OO      O   O  O    O
 OOO O  OOO   O O O    OOO   OOO OOO       O O OOO
OO OO  O  O O  O OO   O OO OO OOOO O     O   O O O
OOO  OO  OO  OO    OO      OOO OO OOO    O   OO OO
O OO    OO O OO OO O   O  OOO    OO    OO  OO  OOO
O  O  O  O O OO   O  OOOO OOO         OOOOO O O OO
      OOOO  O  O OOOO  O OOOOOOO O  OO  O  OOO OOO
OOO O   OO  O O    OO OO OO  O O OO OO  OO OO    O
O OOO   OOOO    O  O  O      O   O O  O   OOOOO OO
   O OOO OO  O  OO  O  O  O  O  OOO O     OOO   OO
  OO OOOOO OOOOOOO  O         OO OO  OO      OOO  
  O   OOOOO  OO O OOO O O O     OO   O O  OO  OOO 
 O O    OOOOO OOOO OO   O  O O     O   O OOO O OO 
 OO  OO O    OO    O  OO  O OOOO O      O OOO OOO 
OO OOOOOOO O    OO  O  O OO O OO O     OOOOOO  O O
   OO  OO OO   O  O  O  O OO  O  O  O  O O   OO  O
O  OO O  OO   OOO  OOOO  OO  OO OO  O   O OO    O 
OO O OOO    OOOO     O     O  OOOOO  O     OOOO   
  O O OOO   OOO O  OOO O OOO   O     O OOOOO  OO O
  OOOO     OOOOOOOO    O O  OOO    O OOO O OOOO OO
 O  OOOOO   OOO    OOOOOO OOOO   O O OOOOOOO     O
O  OO OO OO O  OOOOO    O OOO  OOO O   O  OOO OO O
 OO OOO  OOO    O OOO OOO O OOO    O O  OO  O OO  
OO     O  OO OOO   OOOO    OOOO O O OOOO OO   O O 
O OOOO O  OO   OO O  O    O     O   O   OO OOOOOO 
 OO O OOO    O  OOOO OOO    O O O     O   OO  OOO 
O   O OOOOOOOO  O OO O   OOO  OOO  O   O   O O  O 
O     OOO  O   O  OOOOOOO  OOOO OOO O OOOO    O  O
O          OO O  O  O  OO O    OO O  O    OOOOOOOO
O  OO O   OO   O       OO  OOOO OO OO OO  OOO OOOO
 O    O OO O OO     O   O    OO OO O  OOOOOOOOO O 
 O     OOO    OO O     O   O     OOO OOO OOOOOO   
OOO OO O    O    O O  OOOO O O O O OO OOO OO O   O
OOOOO OO   OOOO  OO O OO OO  O   O O  O   OOO     
  OOO O    O     O     O    O  O  OO  OOO O  O O  
 OOO O O OOOOOOOOOO O  O  OO      OOO O O O OO OOO
  OO    O  OO      OO   O OOO    OOO  OOO OOO   O 
OOOO OO OO OO OOOOOO  OOOO  OOOOOOOOO OO     OO O 
O OO  O  O O  O OOO    OOOO    OO OOOOOOO  OOO    
 OOOOO O OO O  O  OO   O OOOO OO O OO OOOOOOOOO  O
 O OOO OOO O  OO    O  O       OO O      OOO OO O 
?[1;31m
Start test 5?[0m
> 50 2018
O  O    OOOO OOOO OOO O OO  O  O OO OOOO  OO O    
O   OO OOO OO  O O  O  O  OO OOOO  OO   O         
O   O O   OOOO O       O OOO  O       O    O O   O
OOO OOO  O O O   O O O    O OOOOO  O O  O O  O O  
      OO O  O O O O   O  O  O O O O    OO   O OOOO
 OO O OOO O   O OOO O OO  OOO O   OOO OOO OOOO   O
 OOO OOO OO  OOO O     OOO O  OOOO  O OO O  O OOO 
 O    O  OO  OOOO O O  O O    O  O O     OO      O
    OO OOOO    OOOO O OO  OO OOO  O  OOOO OOO OOOO
  OO OO OO O O    O O O    OOO  O   O O   OOOOOOOO
  O O   OOO     OO   OO    O  O O O   OO    O OOOO
  OOOOO OO     O O OO OO      O OO OOO O   OO O   
 OOO O  OO  O OOO O OO  O OO O  O OO OO  OOO O  OO
O O O O  O OOO O  OO    O O O  OO    OO OO O      
 O O   OOOOO O  O  O OO      O  OOO O  OO  OOOOOO 
   O    O   O O   OOO O OO OOO OO     O O  O  OOOO
O    OO OO  O    OOOO  OO   O O  O OOO  OOOO     O
  O  OOO   O O  O  O O  OOOO   O OO    O OO  O  O 
  O OOO OO  OOO    OOOOOOO  O  OOOOOO O O     OOOO
 O  OO   OO OOOO OOO  OOOOOOO        O  O   OOO  O
OOOOO OOOO OO  O O O  O OO    O   O  OO OOO OO O  
 O O O OO OO OOOOO  OO  OOO OOOOOO OO  OOO OO O   
 OOO O  OO   O  OOOO  O OO     OOOO  O O  OO OOOO 
OOOOO OOOO OOOOOOOO  O OOOOO    O   OOO OO OOOOOO 
O   O O O  O      OO     OOOO    OOO   O  OOO   OO
    O    O  OO  O  O   OOOOO O O    O OOO   O   O 
 OO OOO O      OOOOO  OOOOO OO OO OOO  OOO O O    
O  OOOOOOO   O OO OO OOOO  OOOOO  O  OOOO  O OOO  
OOO    OO    OO OOOO OO   O O O OO  OOOO  OOO     
OO    O  OO  O O OOOO O O  OO OO O          OO  O 
O  O OO O O    OO    OOO OO OO   OO  O  OO O OO OO
     OO     O OO    OOO   OO O OO OO    O O O OO  
O   OOO OO  O OO   O   OO     O OOOO  O OO OOO  O 
 OOOO     O O O   OO OOOO OOOO O O  O  O O  O OO  
OO OOOO O O  O    O  O OOO  OO  O O  OO  OO OOOOOO
OOOOOOO OO   O     O   OOOO    O   O   O O O OO   
 OOOOOOOO  OO O     O OO O  O O  O O O  O  OO O  O
O  O OO OO OOOOO O OO OO   OOOOOO OOO OO       O  
OOO OO   O OOOO     O OO   O O  OOO O      O OO  O
O       O OOO O O  OOOO OO  O O  OOOOO  OOO O OOO 
O O    O  O  O O O   O OO   OO OO  O OOOOOOOOO  OO
 OO  OO   O     OO O OO  O   O  OOOOO  O     O  O 
O  OOO OO   O  O  OOO OO O     O   O  O   O   O  O
O OOO OOO OO OO O OO OO O O O O O O   OOO OOO  OO 
 OO  O  O  O OOO O OOO   O  O  OO OOOOO OOO  OOO O
 OO    OO  OO OOO    O  O  OO OO OOO O O OOO   O  
OOO OOOO OOO   OO OO   OOOO      O  O   OO O    OO
 OO OO O  O  OO  O OOOO  OO O OOO  OOO O  O OOO  O
OOO OO   OOO OOOOO   OOOO O OOOO OO O  O   OO   O 
 O   OOOOOO  O   O OOO OOO O  OOO   OO   O  OO O  
?[1;31m
Start test 6?[0m
> 50 -128
 OOOO     O    OO O  O   O   O OO O OOO  O    OOO 
 O O O O OOOOO  O O O OO OOOO OOO  OOO O    OOOO  
  OO O OO  O  O    OO    O O  O OO   O O    OOO  O
OO   OOOO   OO OO O O O   OOO O O O O OOOO OOO OOO
O O OO O  OO   O   O   O  OOOO    O  OO   O  O O O
OO OO   O OOOOOO OOO  O OO    OOO     OOO OO O  OO
  O   OOO   O O   O  OOO O O  O O  O OO OOOOOOO OO
  OO OOOOOO OO   OOO OOOOOOOOOOO OO  OO   OOOO O  
OOO OO OOO       O    O O   O O  OOO   O    O OOO 
OOOOO O OO OO  O OOO  OO  OOOOOO O O O    OO O OOO
O OOO O O     OO  OO OOOO  OO OOO O   OO   OOOO OO
OO OOOO  OO OO  O      O O        O  OOOO O OOO   
OOOOOOOO  OO OOOO  O O O O  OO  O OOOO O OOO O OOO
O  OO  OO   O  OO  O OOO  O OOOOOOO   OO OOO   OOO
 O O O O O  OOOOO OOO  OOOOOO OOOO   OOO  OO  OO O
OO O O OOOO    O O O  O O   OO   OO O OOO  OO   OO
OO   O  O    O       OOOO  OOO  OOO    OOO O  O  O
OO  O OOO OOOO   O O OOOOO  O O    O  OO  O  OOOO 
O OO O OO OO O O    O  O O OO  O  O O      OOOO O 
OOOO  OOOOOOOOOOOO OO OO O OO   OO O O OOO   O OO 
   OO  OO O OOOOO OOO    O OO OO   OO  OO OO   O O
 OOO  O    OOO OOOOOO   O    OOO OO    OOO O   O O
O O OOO  OO   OO O   OO  O OOOO  OO    O  OOO O   
   O O   O   OOOO  OO OO OO OOOO    O OOOO   OO   
O  OO O      OO   O O    O   OOOOO O O OO     OO O
O O  O O   O  O  O O OOO  O O  OOO    O OO O   O  
O  OOOO O O O     OOOOOO OOO OOO OO O OO   O  O O 
OO OO  O   OOOOO O OOO OO  O   OO   O O O OOOOOOO 
O O  O  OO  OOOO O  OOO O O OO     O O OOO  OO  O 
OO   OO O  OOO OOO  O OO OOO    OO OO O O  O O  OO
O     OOOO O   O O OOOO OO  O OO    O O   OOO OO  
 O OOOO O  OO  O   O  O   OOO OO   OO OO        O 
OO   O  OOOO  OO OOO OO   O  O      O OO O   OOO O
OO O OO O O O O OO      O   OO  OO  OOOO O O O  O 
OOOO  O     OO  O  O  OOOOO OO   O O  O O OOO  OO 
OOO OOOOOOO  O O O O OO      OO OOOOOOOO O OO O  O
OO  O O  O O O OOOO OOOOO  OOO     OOO      OO  O 
 O      O OOOOO  O OO O O   O   O  OO OO OO OO  OO
O      O OO OO  OOOO OO O O   OOO      O     O    
O       OOOO O OO OO OO OO OO    OO OOO   O   OOO 
OO O O    OOO   OOOOO O O OO OOOO O O    O   O   O
 O OO O   O  OO  OOOO   O O OOO   O    OOOO O OO O
   O   O OOO OO O OOO   OOOO  OO   OOOO O O  OOO  
  O  OO    OOOOOOO O O  O OO  O   O OO OO   O     
OO O O  OOO O O     O   O    OOOO O OOO  OO O OOOO
O OOO    OOO  OO  OO   O   O  O OO OOO  OO OO  OO 
OOOOOOOOO O    OOOO  O  O OO  OO   OO O OO OOOO OO
    OOO O OO O     O OOOO   OO OO  OOOO O O   O   
 OOOOOOOOO OOOOOOO O     OOOO O O OOO OOOO O O OOO
   O OO O  OO  O OO OOO  OOO       O  O  O OO  O  
]]></system-out>
  <system-err><![CDATA[]]></system-err>
</testsuite>
